/*C21*/SET SCHEMA PUBLIC
alter table user_user_files drop constraint FKljg0rdi8qah3toa8r4kqtov4p
alter table user_user_files drop constraint FKc7q4gowef8sfwaya8wfch23ow
drop table file if exists
drop table user if exists
drop table user_user_files if exists
create table file (id bigint generated by default as identity (start with 1), link varchar(255), primary key (id))
create table user (id bigint generated by default as identity (start with 1), password varchar(255), username varchar(255), primary key (id))
create table user_user_files (user_id bigint not null, user_files_id bigint not null)
alter table user_user_files add constraint UK_2glvw4cyq2ww63eixpdrckp14 unique (user_files_id)
alter table user_user_files add constraint FKljg0rdi8qah3toa8r4kqtov4p foreign key (user_files_id) references file
alter table user_user_files add constraint FKc7q4gowef8sfwaya8wfch23ow foreign key (user_id) references user
DISCONNECT
/*C20*/SET SCHEMA PUBLIC
DISCONNECT
/*C19*/SET SCHEMA PUBLIC
DISCONNECT
/*C18*/SET SCHEMA PUBLIC
DISCONNECT
/*C17*/SET SCHEMA PUBLIC
DISCONNECT
/*C16*/SET SCHEMA PUBLIC
DISCONNECT
/*C15*/SET SCHEMA PUBLIC
DISCONNECT
/*C14*/SET SCHEMA PUBLIC
DISCONNECT
/*C13*/SET SCHEMA PUBLIC
DISCONNECT
/*C12*/SET SCHEMA PUBLIC
DISCONNECT
